2026-01-26 05:15:28 [Station 63] Fixed 1 doctors - Added missing work_end_time
   ✅ HATHAIRAT PIPITVIJITKORN, MD. (4402) → Room 1
✅ Completed: Fixed=1, Assigned=1

2026-01-26 05:26:36 [Station 70] Fixed 1 doctors - Added missing work_end_time
   ✅ Tanatnun Tunshevavong, M.D. (6803) → Room 1
✅ Completed: Fixed=1, Assigned=1

2026-01-26 05:29:18 [Station 60] Fixed 2 doctors - Added missing work_end_time
   ✅ NISA SOTHORNWIT.,M.D. (5402) → Room 1
✅ Completed: Fixed=2, Assigned=1

2026-01-26 07:12:12 [Station 63] Fixed 1 doctors - Added missing work_end_time
   ✅ HATHAIRAT PIPITVIJITKORN, MD. (4402) → Room 1
✅ Completed: Fixed=1, Assigned=1

2026-01-26 07:12:25 [Station 60] Fixed 2 doctors - Added missing work_end_time
   ✅ NISA SOTHORNWIT.,M.D. (5402) → Room 1
✅ Completed: Fixed=2, Assigned=1

2026-01-26 07:12:38 [Station 64] Fixed 2 doctors - Added missing work_end_time
   ✅ WANCHAI KOOCHINGCHAI, M.D. (3301) → Room 1
✅ Completed: Fixed=2, Assigned=1

2026-01-26 07:12:50 [Station 65] Fixed 2 doctors - Added missing work_end_time
   ✅ APIRADI PRECHANOND,M.D. (4806) → Room 1
✅ Completed: Fixed=2, Assigned=1

2026-01-26 07:13:01 [Station 67] Fixed 1 doctors - Added missing work_end_time
   ✅ SOMBAT TANCHOTIKUL, M.D. (3120) → Room 1
✅ Completed: Fixed=1, Assigned=1

2026-01-26 07:13:14 [Station 69] Fixed 1 doctors - Added missing work_end_time
   ✅ NONT RUTNIN,M.D. (4901) → Room 1
✅ Completed: Fixed=1, Assigned=1

2026-01-26 07:13:18 [Station 70] Fixed 1 doctors - Added missing work_end_time
   ✅ Tanatnun Tunshevavong, M.D. (6803) → Room 1
✅ Completed: Fixed=1, Assigned=1

2026-01-26 07:13:53 [Station 61] Fixed 1 doctors - Added missing work_end_time
   ✅ PIYADA CHITSUTHIPAKORN , M.D. (6203) → Room 1
✅ Completed: Fixed=1, Assigned=1

